2019-10-15 12:03:16 [scrapy.utils.log] INFO: Scrapy 1.6.0 started (bot: maitian)
2019-10-15 12:03:16 [scrapy.utils.log] INFO: Versions: lxml 4.3.4.0, libxml2 2.9.5, cssselect 1.0.3, parsel 1.5.1, w3lib 1.20.0, Twisted 19.2.1, Python 3.7.4 (tags/v3.7.4:e09359112e, Jul  8 2019, 20:34:20) [MSC v.1916 64 bit (AMD64)], pyOpenSSL 19.0.0 (OpenSSL 1.1.1c  28 May 2019), cryptography 2.7, Platform Windows-7-6.1.7601-SP1
2019-10-15 12:03:16 [scrapy.crawler] INFO: Overridden settings: {'BOT_NAME': 'maitian', 'LOG_FILE': 'maitian.log', 'LOG_LEVEL': 'INFO', 'NEWSPIDER_MODULE': 'maitian.spiders', 'SPIDER_MODULES': ['maitian.spiders']}
2019-10-15 12:03:16 [scrapy.extensions.telnet] INFO: Telnet Password: 2abd0f4d832abcb9
2019-10-15 12:03:16 [scrapy.middleware] INFO: Enabled extensions:
['scrapy.extensions.corestats.CoreStats',
 'scrapy.extensions.telnet.TelnetConsole',
 'scrapy.extensions.logstats.LogStats']
2019-10-15 12:03:16 [scrapy.middleware] INFO: Enabled downloader middlewares:
['scrapy.downloadermiddlewares.httpauth.HttpAuthMiddleware',
 'scrapy.downloadermiddlewares.downloadtimeout.DownloadTimeoutMiddleware',
 'scrapy.downloadermiddlewares.defaultheaders.DefaultHeadersMiddleware',
 'scrapy.downloadermiddlewares.useragent.UserAgentMiddleware',
 'scrapy.downloadermiddlewares.retry.RetryMiddleware',
 'scrapy.downloadermiddlewares.redirect.MetaRefreshMiddleware',
 'scrapy.downloadermiddlewares.httpcompression.HttpCompressionMiddleware',
 'scrapy.downloadermiddlewares.redirect.RedirectMiddleware',
 'scrapy.downloadermiddlewares.cookies.CookiesMiddleware',
 'scrapy.downloadermiddlewares.httpproxy.HttpProxyMiddleware',
 'scrapy.downloadermiddlewares.stats.DownloaderStats']
2019-10-15 12:03:16 [scrapy.middleware] INFO: Enabled spider middlewares:
['scrapy.spidermiddlewares.httperror.HttpErrorMiddleware',
 'scrapy.spidermiddlewares.offsite.OffsiteMiddleware',
 'scrapy.spidermiddlewares.referer.RefererMiddleware',
 'scrapy.spidermiddlewares.urllength.UrlLengthMiddleware',
 'scrapy.spidermiddlewares.depth.DepthMiddleware']
2019-10-15 12:03:16 [scrapy.middleware] INFO: Enabled item pipelines:
[]
2019-10-15 12:03:16 [scrapy.core.engine] INFO: Spider opened
2019-10-15 12:03:16 [scrapy.extensions.logstats] INFO: Crawled 0 pages (at 0 pages/min), scraped 0 items (at 0 items/min)
2019-10-15 12:03:16 [scrapy.extensions.telnet] INFO: Telnet console listening on 127.0.0.1:6023
2019-10-15 12:03:40 [scrapy.core.engine] INFO: Closing spider (finished)
2019-10-15 12:03:40 [scrapy.statscollectors] INFO: Dumping Scrapy stats:
{'downloader/exception_count': 1,
 'downloader/exception_type_count/twisted.internet.error.TCPTimedOutError': 1,
 'downloader/request_bytes': 456,
 'downloader/request_count': 2,
 'downloader/request_method_count/GET': 2,
 'downloader/response_bytes': 36032,
 'downloader/response_count': 1,
 'downloader/response_status_count/200': 1,
 'finish_reason': 'finished',
 'finish_time': datetime.datetime(2019, 10, 15, 4, 3, 40, 611404),
 'item_scraped_count': 1,
 'log_count/INFO': 9,
 'response_received_count': 1,
 'retry/count': 1,
 'retry/reason_count/twisted.internet.error.TCPTimedOutError': 1,
 'scheduler/dequeued': 2,
 'scheduler/dequeued/memory': 2,
 'scheduler/enqueued': 2,
 'scheduler/enqueued/memory': 2,
 'start_time': datetime.datetime(2019, 10, 15, 4, 3, 16, 424020)}
2019-10-15 12:03:40 [scrapy.core.engine] INFO: Spider closed (finished)
2019-10-15 12:07:00 [scrapy.utils.log] INFO: Scrapy 1.6.0 started (bot: maitian)
2019-10-15 12:07:00 [scrapy.utils.log] INFO: Versions: lxml 4.3.4.0, libxml2 2.9.5, cssselect 1.0.3, parsel 1.5.1, w3lib 1.20.0, Twisted 19.2.1, Python 3.7.4 (tags/v3.7.4:e09359112e, Jul  8 2019, 20:34:20) [MSC v.1916 64 bit (AMD64)], pyOpenSSL 19.0.0 (OpenSSL 1.1.1c  28 May 2019), cryptography 2.7, Platform Windows-7-6.1.7601-SP1
2019-10-15 12:07:00 [scrapy.crawler] INFO: Overridden settings: {'BOT_NAME': 'maitian', 'FEED_FORMAT': 'json', 'FEED_URI': 'maitian.json', 'LOG_FILE': 'maitian.log', 'LOG_LEVEL': 'INFO', 'NEWSPIDER_MODULE': 'maitian.spiders', 'SPIDER_MODULES': ['maitian.spiders']}
2019-10-15 12:07:00 [scrapy.extensions.telnet] INFO: Telnet Password: 312d2a889a180d0d
2019-10-15 12:07:00 [scrapy.middleware] INFO: Enabled extensions:
['scrapy.extensions.corestats.CoreStats',
 'scrapy.extensions.telnet.TelnetConsole',
 'scrapy.extensions.feedexport.FeedExporter',
 'scrapy.extensions.logstats.LogStats']
2019-10-15 12:07:01 [scrapy.middleware] INFO: Enabled downloader middlewares:
['scrapy.downloadermiddlewares.httpauth.HttpAuthMiddleware',
 'scrapy.downloadermiddlewares.downloadtimeout.DownloadTimeoutMiddleware',
 'scrapy.downloadermiddlewares.defaultheaders.DefaultHeadersMiddleware',
 'scrapy.downloadermiddlewares.useragent.UserAgentMiddleware',
 'maitian.middlewares.MaitianDownloaderMiddleware',
 'scrapy.downloadermiddlewares.retry.RetryMiddleware',
 'scrapy.downloadermiddlewares.redirect.MetaRefreshMiddleware',
 'scrapy.downloadermiddlewares.httpcompression.HttpCompressionMiddleware',
 'scrapy.downloadermiddlewares.redirect.RedirectMiddleware',
 'scrapy.downloadermiddlewares.cookies.CookiesMiddleware',
 'scrapy.downloadermiddlewares.httpproxy.HttpProxyMiddleware',
 'scrapy.downloadermiddlewares.stats.DownloaderStats']
2019-10-15 12:07:01 [scrapy.middleware] INFO: Enabled spider middlewares:
['scrapy.spidermiddlewares.httperror.HttpErrorMiddleware',
 'scrapy.spidermiddlewares.offsite.OffsiteMiddleware',
 'scrapy.spidermiddlewares.referer.RefererMiddleware',
 'scrapy.spidermiddlewares.urllength.UrlLengthMiddleware',
 'scrapy.spidermiddlewares.depth.DepthMiddleware']
2019-10-15 12:07:01 [scrapy.middleware] INFO: Enabled item pipelines:
['maitian.pipelines.MaitianPipeline']
2019-10-15 12:07:01 [scrapy.core.engine] INFO: Spider opened
2019-10-15 12:07:01 [scrapy.extensions.logstats] INFO: Crawled 0 pages (at 0 pages/min), scraped 0 items (at 0 items/min)
2019-10-15 12:07:01 [scrapy.extensions.telnet] INFO: Telnet console listening on 127.0.0.1:6023
2019-10-15 12:07:04 [scrapy.core.engine] INFO: Closing spider (finished)
2019-10-15 12:07:04 [scrapy.extensions.feedexport] INFO: Stored json feed (1 items) in: maitian.json
2019-10-15 12:07:04 [scrapy.statscollectors] INFO: Dumping Scrapy stats:
{'downloader/request_bytes': 303,
 'downloader/request_count': 1,
 'downloader/request_method_count/GET': 1,
 'downloader/response_bytes': 36032,
 'downloader/response_count': 1,
 'downloader/response_status_count/200': 1,
 'finish_reason': 'finished',
 'finish_time': datetime.datetime(2019, 10, 15, 4, 7, 4, 511066),
 'item_scraped_count': 1,
 'log_count/INFO': 10,
 'response_received_count': 1,
 'scheduler/dequeued': 1,
 'scheduler/dequeued/memory': 1,
 'scheduler/enqueued': 1,
 'scheduler/enqueued/memory': 1,
 'start_time': datetime.datetime(2019, 10, 15, 4, 7, 1, 328884)}
2019-10-15 12:07:04 [scrapy.core.engine] INFO: Spider closed (finished)
