2019-10-15 14:22:51 [scrapy.utils.log] INFO: Scrapy 1.6.0 started (bot: Ershou)
2019-10-15 14:22:51 [scrapy.utils.log] INFO: Versions: lxml 4.3.4.0, libxml2 2.9.5, cssselect 1.0.3, parsel 1.5.1, w3lib 1.20.0, Twisted 19.2.1, Python 3.7.4 (tags/v3.7.4:e09359112e, Jul  8 2019, 20:34:20) [MSC v.1916 64 bit (AMD64)], pyOpenSSL 19.0.0 (OpenSSL 1.1.1c  28 May 2019), cryptography 2.7, Platform Windows-7-6.1.7601-SP1
2019-10-15 14:22:51 [scrapy.crawler] INFO: Overridden settings: {'BOT_NAME': 'Ershou', 'FEED_FORMAT': 'json', 'FEED_URI': 'ershou.json', 'LOG_FILE': 'ershou.log', 'LOG_LEVEL': 'INFO', 'NEWSPIDER_MODULE': 'Ershou.spiders', 'SPIDER_MODULES': ['Ershou.spiders'], 'USER_AGENT': 'Mozilla/5.0 (Windows NT 6.1; WOW64) AppleWebKit/537.36 (KHTML, like Gecko) Chrome/74.0.3770.100 Safari/539.36'}
2019-10-15 14:22:51 [scrapy.extensions.telnet] INFO: Telnet Password: b93a1906917d0894
2019-10-15 14:22:52 [scrapy.middleware] INFO: Enabled extensions:
['scrapy.extensions.corestats.CoreStats',
 'scrapy.extensions.telnet.TelnetConsole',
 'scrapy.extensions.feedexport.FeedExporter',
 'scrapy.extensions.logstats.LogStats']
2019-10-15 14:22:52 [scrapy.middleware] INFO: Enabled downloader middlewares:
['scrapy.downloadermiddlewares.httpauth.HttpAuthMiddleware',
 'scrapy.downloadermiddlewares.downloadtimeout.DownloadTimeoutMiddleware',
 'scrapy.downloadermiddlewares.defaultheaders.DefaultHeadersMiddleware',
 'scrapy.downloadermiddlewares.useragent.UserAgentMiddleware',
 'scrapy.downloadermiddlewares.retry.RetryMiddleware',
 'scrapy.downloadermiddlewares.redirect.MetaRefreshMiddleware',
 'scrapy.downloadermiddlewares.httpcompression.HttpCompressionMiddleware',
 'scrapy.downloadermiddlewares.redirect.RedirectMiddleware',
 'scrapy.downloadermiddlewares.cookies.CookiesMiddleware',
 'scrapy.downloadermiddlewares.httpproxy.HttpProxyMiddleware',
 'scrapy.downloadermiddlewares.stats.DownloaderStats']
2019-10-15 14:22:52 [scrapy.middleware] INFO: Enabled spider middlewares:
['scrapy.spidermiddlewares.httperror.HttpErrorMiddleware',
 'scrapy.spidermiddlewares.offsite.OffsiteMiddleware',
 'scrapy.spidermiddlewares.referer.RefererMiddleware',
 'scrapy.spidermiddlewares.urllength.UrlLengthMiddleware',
 'scrapy.spidermiddlewares.depth.DepthMiddleware']
2019-10-15 14:22:52 [scrapy.middleware] INFO: Enabled item pipelines:
['Ershou.pipelines.ErshouPipeline']
2019-10-15 14:22:52 [scrapy.core.engine] INFO: Spider opened
2019-10-15 14:22:52 [scrapy.extensions.logstats] INFO: Crawled 0 pages (at 0 pages/min), scraped 0 items (at 0 items/min)
2019-10-15 14:22:52 [scrapy.extensions.telnet] INFO: Telnet console listening on 127.0.0.1:6023
2019-10-15 14:22:52 [scrapy.core.engine] INFO: Closing spider (finished)
2019-10-15 14:22:52 [scrapy.extensions.feedexport] INFO: Stored json feed (1 items) in: ershou.json
2019-10-15 14:22:52 [scrapy.statscollectors] INFO: Dumping Scrapy stats:
{'downloader/request_bytes': 643,
 'downloader/request_count': 2,
 'downloader/request_method_count/GET': 2,
 'downloader/response_bytes': 69481,
 'downloader/response_count': 2,
 'downloader/response_status_count/200': 2,
 'finish_reason': 'finished',
 'finish_time': datetime.datetime(2019, 10, 15, 6, 22, 52, 997133),
 'item_scraped_count': 1,
 'log_count/INFO': 10,
 'request_depth_max': 1,
 'response_received_count': 2,
 'scheduler/dequeued': 2,
 'scheduler/dequeued/memory': 2,
 'scheduler/enqueued': 2,
 'scheduler/enqueued/memory': 2,
 'start_time': datetime.datetime(2019, 10, 15, 6, 22, 52, 378097)}
2019-10-15 14:22:52 [scrapy.core.engine] INFO: Spider closed (finished)
